Started GET "/" for 127.0.0.1 at 2021-02-14 20:43:09 -0300
  [1m[35m (1.8ms)[0m  [1m[34mSELECT sqlite_version(*)[0m
Processing by Rails::WelcomeController#index as HTML
  Rendering /home/pizetta/.rvm/gems/ruby-2.7.0/gems/railties-6.1.2.1/lib/rails/templates/rails/welcome/index.html.erb
  Rendered /home/pizetta/.rvm/gems/ruby-2.7.0/gems/railties-6.1.2.1/lib/rails/templates/rails/welcome/index.html.erb (Duration: 12.5ms | Allocations: 445)
Completed 200 OK in 47ms (Views: 23.7ms | ActiveRecord: 0.0ms | Allocations: 3632)


Started GET "/artciles" for 127.0.0.1 at 2021-02-14 20:50:33 -0300
  
ActionController::RoutingError (No route matches [GET] "/artciles"):
  
Started GET "/articles" for 127.0.0.1 at 2021-02-14 20:50:38 -0300
Processing by ArticlesController#index as HTML
  Rendering layout layouts/application.html.erb
  Rendering articles/index.html.erb within layouts/application
  Rendered articles/index.html.erb within layouts/application (Duration: 0.8ms | Allocations: 105)
[Webpacker] Compiling...
[Webpacker] Compiled all packs in /home/pizetta/git/rails-web-app/blog/public/packs
[Webpacker] Hash: ce14c115e350524bb5a9
Version: webpack 4.46.0
Time: 2254ms
Built at: 14/02/2021 20:50:42
                                     Asset       Size       Chunks                         Chunk Names
    js/application-b43fa54005da8e229d8c.js    125 KiB  application  [emitted] [immutable]  application
js/application-b43fa54005da8e229d8c.js.map    139 KiB  application  [emitted] [dev]        application
                             manifest.json  364 bytes               [emitted]              
Entrypoint application = js/application-b43fa54005da8e229d8c.js js/application-b43fa54005da8e229d8c.js.map
[./app/javascript/channels sync recursive _channel\.js$] ./app/javascript/channels sync _channel\.js$ 160 bytes {application} [built]
[./app/javascript/channels/index.js] 211 bytes {application} [built]
[./app/javascript/packs/application.js] 492 bytes {application} [built]
[./node_modules/webpack/buildin/module.js] (webpack)/buildin/module.js 552 bytes {application} [built]
    + 3 hidden modules

  Rendered layout layouts/application.html.erb (Duration: 3777.8ms | Allocations: 16825)
Completed 200 OK in 3782ms (Views: 3780.6ms | Allocations: 17980)


Started GET "/" for 127.0.0.1 at 2021-02-14 20:54:12 -0300
Processing by ArticlesController#index as HTML
  Rendering layout layouts/application.html.erb
  Rendering articles/index.html.erb within layouts/application
  Rendered articles/index.html.erb within layouts/application (Duration: 0.2ms | Allocations: 37)
[Webpacker] Everything's up-to-date. Nothing to do
  Rendered layout layouts/application.html.erb (Duration: 11.9ms | Allocations: 2973)
Completed 200 OK in 14ms (Views: 13.3ms | Allocations: 3475)


Started GET "/" for 127.0.0.1 at 2021-02-14 21:02:46 -0300
Processing by ArticlesController#index as HTML
  Rendering layout layouts/application.html.erb
  Rendering articles/index.html.erb within layouts/application
  Rendered articles/index.html.erb within layouts/application (Duration: 0.1ms | Allocations: 37)
[Webpacker] Everything's up-to-date. Nothing to do
  Rendered layout layouts/application.html.erb (Duration: 3.7ms | Allocations: 2995)
Completed 200 OK in 5ms (Views: 4.2ms | Allocations: 3374)


